This file contains any messages produced by compilers while
running configure, to aid debugging if configure makes a mistake.

It was created by gromacs configure 4.0.5, which was
generated by GNU Autoconf 2.61.  Invocation command line was

  $ ./configure --prefix=/home/rpool/src/gromacs-4.0.5_TEST --enable-shared --with-gsl CFLAGS=-O2 --no-create --no-recursion

## --------- ##
## Platform. ##
## --------- ##

hostname = rini
uname -m = i686
uname -r = 2.6.31-23-generic
uname -s = Linux
uname -v = #75-Ubuntu SMP Fri Mar 18 18:08:39 UTC 2011

/usr/bin/uname -p = unknown
/bin/uname -X     = unknown

/bin/arch              = unknown
/usr/bin/arch -k       = unknown
/usr/convex/getsysinfo = unknown
/usr/bin/hostinfo      = unknown
/bin/machine           = unknown
/usr/bin/oslevel       = unknown
/bin/universe          = unknown

PATH: /opt/intel/vtune/bin
PATH: /usr/local/intel/Compiler/11.1/069/bin/ia32
PATH: /usr/local/intel/Compiler/11.1/069/bin/ia32
PATH: /home/rpool/bin
PATH: /usr/local/sbin
PATH: /usr/local/bin
PATH: /usr/sbin
PATH: /usr/bin
PATH: /sbin
PATH: /bin
PATH: /usr/games
PATH: /opt/intel/itt/tcheck/bin/32
PATH: /opt/intel/itt/bin/32
PATH: /opt/intel/itt/bin
PATH: /home/rpool/bin


## ----------- ##
## Core tests. ##
## ----------- ##

configure:2087: checking build system type
configure:2105: result: i686-pc-linux-gnu
configure:2127: checking host system type
configure:2142: result: i686-pc-linux-gnu
configure:2180: checking for a BSD-compatible install
configure:2236: result: /usr/bin/install -c
configure:2247: checking whether build environment is sane
configure:2290: result: yes
configure:2318: checking for a thread-safe mkdir -p
configure:2357: result: /bin/mkdir -p
configure:2370: checking for gawk
configure:2386: found /usr/bin/gawk
configure:2397: result: gawk
configure:2408: checking whether make sets $(MAKE)
configure:2429: result: yes
configure:2612: checking how to create a ustar tar archive
configure:2625: tar --version
tar (GNU tar) 1.22
Copyright (C) 2009 Free Software Foundation, Inc.
License GPLv3+: GNU GPL version 3 or later <http://gnu.org/licenses/gpl.html>.
This is free software: you are free to change and redistribute it.
There is NO WARRANTY, to the extent permitted by law.

Written by John Gilmore and Jay Fenlason.
configure:2628: $? = 0
configure:2668: tardir=conftest.dir && eval tar --format=ustar -chf - "$tardir" >conftest.tar
configure:2671: $? = 0
configure:2675: tar -xf - <conftest.tar
configure:2678: $? = 0
configure:2691: result: gnutar
configure:3297: checking for cc
configure:3313: found /usr/bin/cc
configure:3324: result: cc
configure:3360: checking for C compiler version
configure:3367: cc --version >&5
cc (Ubuntu 4.4.1-4ubuntu9) 4.4.1
Copyright (C) 2009 Free Software Foundation, Inc.
This is free software; see the source for copying conditions.  There is NO
warranty; not even for MERCHANTABILITY or FITNESS FOR A PARTICULAR PURPOSE.

configure:3370: $? = 0
configure:3377: cc -v >&5
Using built-in specs.
Target: i486-linux-gnu
Configured with: ../src/configure -v --with-pkgversion='Ubuntu 4.4.1-4ubuntu9' --with-bugurl=file:///usr/share/doc/gcc-4.4/README.Bugs --enable-languages=c,c++,fortran,objc,obj-c++ --prefix=/usr --enable-shared --enable-multiarch --enable-linker-build-id --with-system-zlib --libexecdir=/usr/lib --without-included-gettext --enable-threads=posix --with-gxx-include-dir=/usr/include/c++/4.4 --program-suffix=-4.4 --enable-nls --enable-clocale=gnu --enable-libstdcxx-debug --enable-objc-gc --enable-targets=all --disable-werror --with-arch-32=i486 --with-tune=generic --enable-checking=release --build=i486-linux-gnu --host=i486-linux-gnu --target=i486-linux-gnu
Thread model: posix
gcc version 4.4.1 (Ubuntu 4.4.1-4ubuntu9) 
configure:3380: $? = 0
configure:3387: cc -V >&5
cc: '-V' option must have argument
configure:3390: $? = 1
configure:3413: checking for C compiler default output file name
configure:3440: cc -O2   conftest.c  >&5
configure:3443: $? = 0
configure:3481: result: a.out
configure:3498: checking whether the C compiler works
configure:3508: ./a.out
configure:3511: $? = 0
configure:3528: result: yes
configure:3535: checking whether we are cross compiling
configure:3537: result: no
configure:3540: checking for suffix of executables
configure:3547: cc -o conftest -O2   conftest.c  >&5
configure:3550: $? = 0
configure:3574: result: 
configure:3580: checking for suffix of object files
configure:3606: cc -c -O2  conftest.c >&5
configure:3609: $? = 0
configure:3632: result: o
configure:3636: checking whether we are using the GNU C compiler
configure:3665: cc -c -O2  conftest.c >&5
configure:3671: $? = 0
configure:3688: result: yes
configure:3693: checking whether cc accepts -g
configure:3723: cc -c -g  conftest.c >&5
configure:3729: $? = 0
configure:3828: result: yes
configure:3845: checking for cc option to accept ISO C89
configure:3919: cc  -c -O2  conftest.c >&5
configure:3925: $? = 0
configure:3948: result: none needed
configure:3977: checking for style of include used by make
configure:4005: result: GNU
configure:4030: checking dependency style of cc
configure:4121: result: gcc3
configure:4419: checking dependency style of cc
configure:4510: result: gcc3
configure:5589: checking how to run the C preprocessor
configure:5629: cc -E  conftest.c
configure:5635: $? = 0
configure:5666: cc -E  conftest.c
conftest.c:17:28: error: ac_nonexistent.h: No such file or directory
configure:5672: $? = 1
configure: failed program was:
| /* confdefs.h.  */
| #define PACKAGE_NAME "gromacs"
| #define PACKAGE_TARNAME "gromacs"
| #define PACKAGE_VERSION "4.0.5"
| #define PACKAGE_STRING "gromacs 4.0.5"
| #define PACKAGE_BUGREPORT "gmx-users@gromacs.org"
| #define PACKAGE "gromacs"
| #define VERSION "4.0.5"
| #define GMX_SOFTWARE_SQRT
| #define GMX_QMMM_GAUSSIAN
| #define BUILD_TIME "Thu Jun 16 15:39:29 CEST 2011"
| #define BUILD_USER "rpool@rini"
| #define BUILD_MACHINE "Linux 2.6.31-23-generic i686"
| #define F77_OR_C_FUNC(name,NAME) name
| #define F77_OR_C_FUNC_(name,NAME) name
| /* end confdefs.h.  */
| #include <ac_nonexistent.h>
configure:5705: result: cc -E
configure:5734: cc -E  conftest.c
configure:5740: $? = 0
configure:5771: cc -E  conftest.c
conftest.c:17:28: error: ac_nonexistent.h: No such file or directory
configure:5777: $? = 1
configure: failed program was:
| /* confdefs.h.  */
| #define PACKAGE_NAME "gromacs"
| #define PACKAGE_TARNAME "gromacs"
| #define PACKAGE_VERSION "4.0.5"
| #define PACKAGE_STRING "gromacs 4.0.5"
| #define PACKAGE_BUGREPORT "gmx-users@gromacs.org"
| #define PACKAGE "gromacs"
| #define VERSION "4.0.5"
| #define GMX_SOFTWARE_SQRT
| #define GMX_QMMM_GAUSSIAN
| #define BUILD_TIME "Thu Jun 16 15:39:29 CEST 2011"
| #define BUILD_USER "rpool@rini"
| #define BUILD_MACHINE "Linux 2.6.31-23-generic i686"
| #define F77_OR_C_FUNC(name,NAME) name
| #define F77_OR_C_FUNC_(name,NAME) name
| /* end confdefs.h.  */
| #include <ac_nonexistent.h>
configure:6202: checking whether cc accepts -O3
configure:6220: result: yes
configure:6533: checking whether cc accepts -funroll-all-loops
configure:6551: result: yes
configure:6565: checking whether cc accepts -std=gnu99
configure:6583: result: yes
configure:6730: checking for grep that handles long lines and -e
configure:6804: result: /bin/grep
configure:6809: checking for egrep
configure:6887: result: /bin/grep -E
configure:6892: checking for ANSI C header files
configure:6930: cc -c -O2  conftest.c >&5
configure:6936: $? = 0
configure:7035: cc -o conftest -O2   conftest.c  >&5
configure:7038: $? = 0
configure:7044: ./conftest
configure:7047: $? = 0
configure:7064: result: yes
configure:7088: checking for sys/types.h
configure:7109: cc -c -O2  conftest.c >&5
configure:7115: $? = 0
configure:7131: result: yes
configure:7088: checking for sys/stat.h
configure:7109: cc -c -O2  conftest.c >&5
configure:7115: $? = 0
configure:7131: result: yes
configure:7088: checking for stdlib.h
configure:7109: cc -c -O2  conftest.c >&5
configure:7115: $? = 0
configure:7131: result: yes
configure:7088: checking for string.h
configure:7109: cc -c -O2  conftest.c >&5
configure:7115: $? = 0
configure:7131: result: yes
configure:7088: checking for memory.h
configure:7109: cc -c -O2  conftest.c >&5
configure:7115: $? = 0
configure:7131: result: yes
configure:7088: checking for strings.h
configure:7109: cc -c -O2  conftest.c >&5
configure:7115: $? = 0
configure:7131: result: yes
configure:7088: checking for inttypes.h
configure:7109: cc -c -O2  conftest.c >&5
configure:7115: $? = 0
configure:7131: result: yes
configure:7088: checking for stdint.h
configure:7109: cc -c -O2  conftest.c >&5
configure:7115: $? = 0
configure:7131: result: yes
configure:7088: checking for unistd.h
configure:7109: cc -c -O2  conftest.c >&5
configure:7115: $? = 0
configure:7131: result: yes
configure:7143: checking whether byte ordering is bigendian
configure:7184: cc -c -O2  conftest.c >&5
configure:7190: $? = 0
configure:7230: cc -c -O2  conftest.c >&5
conftest.c: In function 'main':
conftest.c:42: error: 'not' undeclared (first use in this function)
conftest.c:42: error: (Each undeclared identifier is reported only once
conftest.c:42: error: for each function it appears in.)
conftest.c:42: error: expected ';' before 'big'
configure:7236: $? = 1
configure: failed program was:
| /* confdefs.h.  */
| #define PACKAGE_NAME "gromacs"
| #define PACKAGE_TARNAME "gromacs"
| #define PACKAGE_VERSION "4.0.5"
| #define PACKAGE_STRING "gromacs 4.0.5"
| #define PACKAGE_BUGREPORT "gmx-users@gromacs.org"
| #define PACKAGE "gromacs"
| #define VERSION "4.0.5"
| #define GMX_SOFTWARE_SQRT
| #define GMX_QMMM_GAUSSIAN
| #define BUILD_TIME "Thu Jun 16 15:39:29 CEST 2011"
| #define BUILD_USER "rpool@rini"
| #define BUILD_MACHINE "Linux 2.6.31-23-generic i686"
| #define F77_OR_C_FUNC(name,NAME) name
| #define F77_OR_C_FUNC_(name,NAME) name
| #define STDC_HEADERS 1
| #define HAVE_SYS_TYPES_H 1
| #define HAVE_SYS_STAT_H 1
| #define HAVE_STDLIB_H 1
| #define HAVE_STRING_H 1
| #define HAVE_MEMORY_H 1
| #define HAVE_STRINGS_H 1
| #define HAVE_INTTYPES_H 1
| #define HAVE_STDINT_H 1
| #define HAVE_UNISTD_H 1
| /* end confdefs.h.  */
| #include <sys/types.h>
| #include <sys/param.h>
| 
| #ifdef F77_DUMMY_MAIN
| 
| #  ifdef __cplusplus
|      extern "C"
| #  endif
|    int F77_DUMMY_MAIN() { return 1; }
| 
| #endif
| int
| main ()
| {
| #if BYTE_ORDER != BIG_ENDIAN
|  not big endian
| #endif
| 
|   ;
|   return 0;
| }
configure:7392: result: no
configure:7415: checking for int
configure:7453: cc -c -O2  conftest.c >&5
configure:7459: $? = 0
configure:7474: result: yes
configure:7481: checking size of int
configure:7831: cc -o conftest -O2   conftest.c  >&5
configure:7834: $? = 0
configure:7840: ./conftest
configure:7843: $? = 0
configure:7866: result: 4
configure:7876: checking for long int
configure:7914: cc -c -O2  conftest.c >&5
configure:7920: $? = 0
configure:7935: result: yes
configure:7942: checking size of long int
configure:8292: cc -o conftest -O2   conftest.c  >&5
configure:8295: $? = 0
configure:8301: ./conftest
configure:8304: $? = 0
configure:8327: result: 4
configure:8337: checking for long long int
configure:8375: cc -c -O2  conftest.c >&5
configure:8381: $? = 0
configure:8396: result: yes
configure:8403: checking size of long long int
configure:8753: cc -o conftest -O2   conftest.c  >&5
configure:8756: $? = 0
configure:8762: ./conftest
configure:8765: $? = 0
configure:8788: result: 8
configure:8798: checking for off_t
configure:8836: cc -c -O2  conftest.c >&5
configure:8842: $? = 0
configure:8857: result: yes
configure:8864: checking size of off_t
configure:9214: cc -o conftest -O2   conftest.c  >&5
configure:9217: $? = 0
configure:9223: ./conftest
configure:9226: $? = 0
configure:9249: result: 4
configure:9264: checking that size_t can hold pointers
configure:9298: cc -c -O2  conftest.c >&5
configure:9304: $? = 0
configure:9309: result: yes
configure:9328: checking floating-point format
configure:9349: cc -c -O2  conftest.c >&5
configure:9352: $? = 0
configure:9382: result: IEEE754 (little-endian byte and word order)
configure:9460: checking for a BSD-compatible install
configure:9516: result: /usr/bin/install -c
configure:9527: checking whether ln -s works
configure:9531: result: yes
configure:9538: checking whether make sets $(MAKE)
configure:9559: result: yes
configure:9618: checking for a sed that does not truncate output
configure:9672: result: /bin/sed
configure:9686: checking for ld used by cc
configure:9753: result: /usr/bin/ld
configure:9762: checking if the linker (/usr/bin/ld) is GNU ld
configure:9777: result: yes
configure:9782: checking for /usr/bin/ld option to reload object files
configure:9789: result: -r
configure:9807: checking for BSD-compatible nm
configure:9856: result: /usr/bin/nm -B
configure:9860: checking how to recognise dependent libraries
configure:10036: result: pass_all
configure:10577: checking dlfcn.h usability
configure:10594: cc -c -O2  conftest.c >&5
configure:10600: $? = 0
configure:10614: result: yes
configure:10618: checking dlfcn.h presence
configure:10633: cc -E  conftest.c
configure:10639: $? = 0
configure:10653: result: yes
configure:10686: checking for dlfcn.h
configure:10694: result: yes
configure:10765: checking for g++
configure:10781: found /usr/bin/g++
configure:10792: result: g++
configure:10823: checking for C++ compiler version
configure:10830: g++ --version >&5
g++ (Ubuntu 4.4.1-4ubuntu9) 4.4.1
Copyright (C) 2009 Free Software Foundation, Inc.
This is free software; see the source for copying conditions.  There is NO
warranty; not even for MERCHANTABILITY or FITNESS FOR A PARTICULAR PURPOSE.

configure:10833: $? = 0
configure:10840: g++ -v >&5
Using built-in specs.
Target: i486-linux-gnu
Configured with: ../src/configure -v --with-pkgversion='Ubuntu 4.4.1-4ubuntu9' --with-bugurl=file:///usr/share/doc/gcc-4.4/README.Bugs --enable-languages=c,c++,fortran,objc,obj-c++ --prefix=/usr --enable-shared --enable-multiarch --enable-linker-build-id --with-system-zlib --libexecdir=/usr/lib --without-included-gettext --enable-threads=posix --with-gxx-include-dir=/usr/include/c++/4.4 --program-suffix=-4.4 --enable-nls --enable-clocale=gnu --enable-libstdcxx-debug --enable-objc-gc --enable-targets=all --disable-werror --with-arch-32=i486 --with-tune=generic --enable-checking=release --build=i486-linux-gnu --host=i486-linux-gnu --target=i486-linux-gnu
Thread model: posix
gcc version 4.4.1 (Ubuntu 4.4.1-4ubuntu9) 
configure:10843: $? = 0
configure:10850: g++ -V >&5
g++: '-V' option must have argument
configure:10853: $? = 1
configure:10856: checking whether we are using the GNU C++ compiler
configure:10893: g++ -c   conftest.cpp >&5
configure:10899: $? = 0
configure:10916: result: yes
configure:10921: checking whether g++ accepts -g
configure:10959: g++ -c -g  conftest.cpp >&5
configure:10965: $? = 0
configure:11080: result: yes
configure:11105: checking dependency style of g++
configure:11196: result: gcc3
configure:11221: checking how to run the C++ preprocessor
configure:11257: g++ -E  conftest.cpp
configure:11263: $? = 0
configure:11294: g++ -E  conftest.cpp
conftest.cpp:33:28: error: ac_nonexistent.h: No such file or directory
configure:11300: $? = 1
configure: failed program was:
| /* confdefs.h.  */
| #define PACKAGE_NAME "gromacs"
| #define PACKAGE_TARNAME "gromacs"
| #define PACKAGE_VERSION "4.0.5"
| #define PACKAGE_STRING "gromacs 4.0.5"
| #define PACKAGE_BUGREPORT "gmx-users@gromacs.org"
| #define PACKAGE "gromacs"
| #define VERSION "4.0.5"
| #define GMX_SOFTWARE_SQRT
| #define GMX_QMMM_GAUSSIAN
| #define BUILD_TIME "Thu Jun 16 15:39:29 CEST 2011"
| #define BUILD_USER "rpool@rini"
| #define BUILD_MACHINE "Linux 2.6.31-23-generic i686"
| #define F77_OR_C_FUNC(name,NAME) name
| #define F77_OR_C_FUNC_(name,NAME) name
| #define STDC_HEADERS 1
| #define HAVE_SYS_TYPES_H 1
| #define HAVE_SYS_STAT_H 1
| #define HAVE_STDLIB_H 1
| #define HAVE_STRING_H 1
| #define HAVE_MEMORY_H 1
| #define HAVE_STRINGS_H 1
| #define HAVE_INTTYPES_H 1
| #define HAVE_STDINT_H 1
| #define HAVE_UNISTD_H 1
| #define SIZEOF_INT 4
| #define SIZEOF_LONG_INT 4
| #define SIZEOF_LONG_LONG_INT 8
| #define SIZEOF_OFF_T 4
| #define FLOAT_FORMAT_IEEE754
| #define HAVE_DLFCN_H 1
| /* end confdefs.h.  */
| #include <ac_nonexistent.h>
configure:11333: result: g++ -E
configure:11362: g++ -E  conftest.cpp
configure:11368: $? = 0
configure:11399: g++ -E  conftest.cpp
conftest.cpp:33:28: error: ac_nonexistent.h: No such file or directory
configure:11405: $? = 1
configure: failed program was:
| /* confdefs.h.  */
| #define PACKAGE_NAME "gromacs"
| #define PACKAGE_TARNAME "gromacs"
| #define PACKAGE_VERSION "4.0.5"
| #define PACKAGE_STRING "gromacs 4.0.5"
| #define PACKAGE_BUGREPORT "gmx-users@gromacs.org"
| #define PACKAGE "gromacs"
| #define VERSION "4.0.5"
| #define GMX_SOFTWARE_SQRT
| #define GMX_QMMM_GAUSSIAN
| #define BUILD_TIME "Thu Jun 16 15:39:29 CEST 2011"
| #define BUILD_USER "rpool@rini"
| #define BUILD_MACHINE "Linux 2.6.31-23-generic i686"
| #define F77_OR_C_FUNC(name,NAME) name
| #define F77_OR_C_FUNC_(name,NAME) name
| #define STDC_HEADERS 1
| #define HAVE_SYS_TYPES_H 1
| #define HAVE_SYS_STAT_H 1
| #define HAVE_STDLIB_H 1
| #define HAVE_STRING_H 1
| #define HAVE_MEMORY_H 1
| #define HAVE_STRINGS_H 1
| #define HAVE_INTTYPES_H 1
| #define HAVE_STDINT_H 1
| #define HAVE_UNISTD_H 1
| #define SIZEOF_INT 4
| #define SIZEOF_LONG_INT 4
| #define SIZEOF_LONG_LONG_INT 8
| #define SIZEOF_OFF_T 4
| #define FLOAT_FORMAT_IEEE754
| #define HAVE_DLFCN_H 1
| /* end confdefs.h.  */
| #include <ac_nonexistent.h>
configure:11449: checking the maximum length of command line arguments
configure:11558: result: 32768
configure:11569: checking command to parse /usr/bin/nm -B output from cc object
configure:11674: g++ -c -g -O2  conftest.cpp >&5
configure:11677: $? = 0
configure:11681: /usr/bin/nm -B conftest.o \| sed -n -e 's/^.*[ 	]\([ABCDGIRSTW][ABCDGIRSTW]*\)[ 	][ 	]*\([_A-Za-z][_A-Za-z0-9]*\)$/\1 \2 \2/p' \> conftest.nm
configure:11684: $? = 0
configure:11736: g++ -o conftest -g -O2   conftest.cpp conftstm.o >&5
configure:11739: $? = 0
configure:11777: result: ok
configure:11781: checking for objdir
configure:11796: result: .libs
configure:11888: checking for ar
configure:11904: found /usr/bin/ar
configure:11915: result: ar
configure:11984: checking for ranlib
configure:12000: found /usr/bin/ranlib
configure:12011: result: ranlib
configure:12080: checking for strip
configure:12096: found /usr/bin/strip
configure:12107: result: strip
configure:12397: checking if cc supports -fno-rtti -fno-exceptions
configure:12415: cc -c -O2  -fno-rtti -fno-exceptions conftest.c >&5
cc1: warning: command line option "-fno-rtti" is valid for C++/ObjC++ but not for C
configure:12419: $? = 0
configure:12432: result: no
configure:12447: checking for cc option to produce PIC
configure:12657: result: -fPIC
configure:12665: checking if cc PIC flag -fPIC works
configure:12683: cc -c -O2  -fPIC -DPIC conftest.c >&5
configure:12687: $? = 0
configure:12700: result: yes
configure:12728: checking if cc static flag -static works
configure:12756: result: yes
configure:12766: checking if cc supports -c -o file.o
configure:12787: cc -c -O2  -o out/conftest2.o conftest.c >&5
configure:12791: $? = 0
configure:12813: result: yes
configure:12839: checking whether the cc linker (/usr/bin/ld) supports shared libraries
configure:13809: result: yes
configure:13830: checking whether -lc should be explicitly linked in
configure:13835: cc -c -O2  conftest.c >&5
configure:13838: $? = 0
configure:13853: cc -shared conftest.o  -v -Wl,-soname -Wl,conftest -o conftest 2\>\&1 \| grep  -lc  \>/dev/null 2\>\&1
configure:13856: $? = 0
configure:13868: result: no
configure:13876: checking dynamic linker characteristics
configure:14464: result: GNU/Linux ld.so
configure:14473: checking how to hardcode library paths into programs
configure:14498: result: immediate
configure:14512: checking whether stripping libraries is possible
configure:14517: result: yes
configure:15374: checking if libtool supports shared libraries
configure:15376: result: yes
configure:15379: checking whether to build shared libraries
configure:15400: result: yes
configure:15403: checking whether to build static libraries
configure:15407: result: yes
configure:15499: creating libtool
configure:16087: checking for ld used by g++
configure:16154: result: /usr/bin/ld
configure:16163: checking if the linker (/usr/bin/ld) is GNU ld
configure:16178: result: yes
configure:16229: checking whether the g++ linker (/usr/bin/ld) supports shared libraries
configure:17179: result: yes
configure:17201: g++ -c -g -O2  conftest.cpp >&5
configure:17204: $? = 0
configure:17323: checking for g++ option to produce PIC
configure:17597: result: -fPIC
configure:17605: checking if g++ PIC flag -fPIC works
configure:17623: g++ -c -g -O2  -fPIC -DPIC conftest.cpp >&5
configure:17627: $? = 0
configure:17640: result: yes
configure:17668: checking if g++ static flag -static works
configure:17696: result: yes
configure:17706: checking if g++ supports -c -o file.o
configure:17727: g++ -c -g -O2  -o out/conftest2.o conftest.cpp >&5
configure:17731: $? = 0
configure:17753: result: yes
configure:17779: checking whether the g++ linker (/usr/bin/ld) supports shared libraries
configure:17804: result: yes
configure:17871: checking dynamic linker characteristics
configure:18459: result: GNU/Linux ld.so
configure:18468: checking how to hardcode library paths into programs
configure:18493: result: immediate
configure:24660: checking for special C compiler options needed for large files
configure:24761: result: no
configure:24767: checking for _FILE_OFFSET_BITS value needed for large files
configure:24810: cc -c -O2  conftest.c >&5
conftest.c:39: warning: left shift count >= width of type
conftest.c:39: warning: left shift count >= width of type
conftest.c:41: error: size of array 'off_t_is_large' is negative
configure:24816: $? = 1
configure: failed program was:
| /* confdefs.h.  */
| #define PACKAGE_NAME "gromacs"
| #define PACKAGE_TARNAME "gromacs"
| #define PACKAGE_VERSION "4.0.5"
| #define PACKAGE_STRING "gromacs 4.0.5"
| #define PACKAGE_BUGREPORT "gmx-users@gromacs.org"
| #define PACKAGE "gromacs"
| #define VERSION "4.0.5"
| #define GMX_SOFTWARE_SQRT
| #define GMX_QMMM_GAUSSIAN
| #define BUILD_TIME "Thu Jun 16 15:39:29 CEST 2011"
| #define BUILD_USER "rpool@rini"
| #define BUILD_MACHINE "Linux 2.6.31-23-generic i686"
| #define F77_OR_C_FUNC(name,NAME) name
| #define F77_OR_C_FUNC_(name,NAME) name
| #define STDC_HEADERS 1
| #define HAVE_SYS_TYPES_H 1
| #define HAVE_SYS_STAT_H 1
| #define HAVE_STDLIB_H 1
| #define HAVE_STRING_H 1
| #define HAVE_MEMORY_H 1
| #define HAVE_STRINGS_H 1
| #define HAVE_INTTYPES_H 1
| #define HAVE_STDINT_H 1
| #define HAVE_UNISTD_H 1
| #define SIZEOF_INT 4
| #define SIZEOF_LONG_INT 4
| #define SIZEOF_LONG_LONG_INT 8
| #define SIZEOF_OFF_T 4
| #define FLOAT_FORMAT_IEEE754
| #define HAVE_DLFCN_H 1
| /* end confdefs.h.  */
| #include <sys/types.h>
|  /* Check that off_t can represent 2**63 - 1 correctly.
|     We can't simply define LARGE_OFF_T to be 9223372036854775807,
|     since some C++ compilers masquerading as C compilers
|     incorrectly reject 9223372036854775807.  */
| #define LARGE_OFF_T (((off_t) 1 << 62) - 1 + ((off_t) 1 << 62))
|   int off_t_is_large[(LARGE_OFF_T % 2147483629 == 721
| 		       && LARGE_OFF_T % 2147483647 == 1)
| 		      ? 1 : -1];
| #ifdef F77_DUMMY_MAIN
| 
| #  ifdef __cplusplus
|      extern "C"
| #  endif
|    int F77_DUMMY_MAIN() { return 1; }
| 
| #endif
| int
| main ()
| {
| 
|   ;
|   return 0;
| }
configure:24868: cc -c -O2  conftest.c >&5
configure:24874: $? = 0
configure:24892: result: 64
configure:25046: checking for _LARGEFILE_SOURCE value needed for large files
configure:25083: cc -o conftest -O2   conftest.c  >&5
configure:25089: $? = 0
configure:25163: result: no
configure:25201: checking for sqrt in -lm
configure:25244: cc -o conftest -O2   conftest.c -lm   >&5
conftest.c:42: warning: conflicting types for built-in function 'sqrt'
configure:25250: $? = 0
configure:25268: result: yes
configure:26329: checking for fftw3.h
configure:26360: cc -c -O2  conftest.c >&5
configure:26366: $? = 0
configure:26373: result: yes
configure:26377: checking for main in -lfftw3f
configure:26414: cc -o conftest -O2   conftest.c -lfftw3f  -lm  >&5
configure:26420: $? = 0
configure:26438: result: yes
configure:26763: checking rpc/rpc.h usability
configure:26780: cc -c -O2  conftest.c >&5
configure:26786: $? = 0
configure:26800: result: yes
configure:26804: checking rpc/rpc.h presence
configure:26819: cc -E  conftest.c
configure:26825: $? = 0
configure:26839: result: yes
configure:26872: checking for rpc/rpc.h
configure:26880: result: yes
configure:26897: checking for rpc/xdr.h
configure:26921: cc -c -O2  conftest.c >&5
configure:26927: $? = 0
configure:26943: result: yes
configure:26955: checking for xdr_float in -lnsl
configure:26998: cc -o conftest -O2   conftest.c -lnsl  -lfftw3f -lm  >&5
configure:27004: $? = 0
configure:27022: result: yes
configure:27073: cc -o conftest -O2   conftest.c -lnsl -lfftw3f -lm  >&5
configure:27079: $? = 0
configure:27112: checking for working memcmp
configure:27173: cc -o conftest -O2   conftest.c -lnsl -lfftw3f -lm  >&5
configure:27176: $? = 0
configure:27182: ./conftest
configure:27185: $? = 0
configure:27201: result: yes
configure:27210: checking return type of signal handlers
configure:27246: cc -c -O2  conftest.c >&5
conftest.c: In function 'main':
conftest.c:54: error: void value not ignored as it ought to be
configure:27252: $? = 1
configure: failed program was:
| /* confdefs.h.  */
| #define PACKAGE_NAME "gromacs"
| #define PACKAGE_TARNAME "gromacs"
| #define PACKAGE_VERSION "4.0.5"
| #define PACKAGE_STRING "gromacs 4.0.5"
| #define PACKAGE_BUGREPORT "gmx-users@gromacs.org"
| #define PACKAGE "gromacs"
| #define VERSION "4.0.5"
| #define GMX_SOFTWARE_SQRT
| #define GMX_QMMM_GAUSSIAN
| #define BUILD_TIME "Thu Jun 16 15:39:29 CEST 2011"
| #define BUILD_USER "rpool@rini"
| #define BUILD_MACHINE "Linux 2.6.31-23-generic i686"
| #define F77_OR_C_FUNC(name,NAME) name
| #define F77_OR_C_FUNC_(name,NAME) name
| #define STDC_HEADERS 1
| #define HAVE_SYS_TYPES_H 1
| #define HAVE_SYS_STAT_H 1
| #define HAVE_STDLIB_H 1
| #define HAVE_STRING_H 1
| #define HAVE_MEMORY_H 1
| #define HAVE_STRINGS_H 1
| #define HAVE_INTTYPES_H 1
| #define HAVE_STDINT_H 1
| #define HAVE_UNISTD_H 1
| #define SIZEOF_INT 4
| #define SIZEOF_LONG_INT 4
| #define SIZEOF_LONG_LONG_INT 8
| #define SIZEOF_OFF_T 4
| #define FLOAT_FORMAT_IEEE754
| #define HAVE_DLFCN_H 1
| #define _FILE_OFFSET_BITS 64
| #define HAVE_FSEEKO 1
| #define HAVE_LIBM 1
| #define HAVE_LIBFFTW3F 1
| #define HAVE_RPC_RPC_H 1
| #define HAVE_RPC_XDR_H 1
| #define HAVE_LIBNSL 1
| /* end confdefs.h.  */
| #include <sys/types.h>
| #include <signal.h>
| 
| #ifdef F77_DUMMY_MAIN
| 
| #  ifdef __cplusplus
|      extern "C"
| #  endif
|    int F77_DUMMY_MAIN() { return 1; }
| 
| #endif
| int
| main ()
| {
| return *(signal (0, 0)) (0) == 1;
|   ;
|   return 0;
| }
configure:27267: result: void
configure:27275: checking for off_t
configure:27334: result: yes
configure:27350: checking for vprintf
configure:27414: cc -o conftest -O2   conftest.c -lnsl -lfftw3f -lm  >&5
conftest.c:64: warning: conflicting types for built-in function 'vprintf'
configure:27420: $? = 0
configure:27438: result: yes
configure:27445: checking for _doprnt
configure:27509: cc -o conftest -O2   conftest.c -lnsl -lfftw3f -lm  >&5
/tmp/ccwPYWks.o: In function `main':
conftest.c:(.text+0x7): undefined reference to `_doprnt'
collect2: ld returned 1 exit status
configure:27515: $? = 1
configure: failed program was:
| /* confdefs.h.  */
| #define PACKAGE_NAME "gromacs"
| #define PACKAGE_TARNAME "gromacs"
| #define PACKAGE_VERSION "4.0.5"
| #define PACKAGE_STRING "gromacs 4.0.5"
| #define PACKAGE_BUGREPORT "gmx-users@gromacs.org"
| #define PACKAGE "gromacs"
| #define VERSION "4.0.5"
| #define GMX_SOFTWARE_SQRT
| #define GMX_QMMM_GAUSSIAN
| #define BUILD_TIME "Thu Jun 16 15:39:29 CEST 2011"
| #define BUILD_USER "rpool@rini"
| #define BUILD_MACHINE "Linux 2.6.31-23-generic i686"
| #define F77_OR_C_FUNC(name,NAME) name
| #define F77_OR_C_FUNC_(name,NAME) name
| #define STDC_HEADERS 1
| #define HAVE_SYS_TYPES_H 1
| #define HAVE_SYS_STAT_H 1
| #define HAVE_STDLIB_H 1
| #define HAVE_STRING_H 1
| #define HAVE_MEMORY_H 1
| #define HAVE_STRINGS_H 1
| #define HAVE_INTTYPES_H 1
| #define HAVE_STDINT_H 1
| #define HAVE_UNISTD_H 1
| #define SIZEOF_INT 4
| #define SIZEOF_LONG_INT 4
| #define SIZEOF_LONG_LONG_INT 8
| #define SIZEOF_OFF_T 4
| #define FLOAT_FORMAT_IEEE754
| #define HAVE_DLFCN_H 1
| #define _FILE_OFFSET_BITS 64
| #define HAVE_FSEEKO 1
| #define HAVE_LIBM 1
| #define HAVE_LIBFFTW3F 1
| #define HAVE_RPC_RPC_H 1
| #define HAVE_RPC_XDR_H 1
| #define HAVE_LIBNSL 1
| #define RETSIGTYPE void
| #define HAVE_VPRINTF 1
| /* end confdefs.h.  */
| /* Define _doprnt to an innocuous variant, in case <limits.h> declares _doprnt.
|    For example, HP-UX 11i <limits.h> declares gettimeofday.  */
| #define _doprnt innocuous__doprnt
| 
| /* System header to define __stub macros and hopefully few prototypes,
|     which can conflict with char _doprnt (); below.
|     Prefer <limits.h> to <assert.h> if __STDC__ is defined, since
|     <limits.h> exists even on freestanding compilers.  */
| 
| #ifdef __STDC__
| # include <limits.h>
| #else
| # include <assert.h>
| #endif
| 
| #undef _doprnt
| 
| /* Override any GCC internal prototype to avoid an error.
|    Use char because int might match the return type of a GCC
|    builtin and then its argument prototype would still apply.  */
| #ifdef __cplusplus
| extern "C"
| #endif
| char _doprnt ();
| /* The GNU C library defines this for functions which it implements
|     to always fail with ENOSYS.  Some functions are actually named
|     something starting with __ and the normal name is an alias.  */
| #if defined __stub__doprnt || defined __stub____doprnt
| choke me
| #endif
| 
| #ifdef F77_DUMMY_MAIN
| 
| #  ifdef __cplusplus
|      extern "C"
| #  endif
|    int F77_DUMMY_MAIN() { return 1; }
| 
| #endif
| int
| main ()
| {
| return _doprnt ();
|   ;
|   return 0;
| }
configure:27532: result: no
configure:27546: checking if malloc debugging is wanted
configure:27566: result: no
configure:27575: checking for strcasecmp
configure:27639: cc -o conftest -O2   conftest.c -lnsl -lfftw3f -lm  >&5
conftest.c:65: warning: conflicting types for built-in function 'strcasecmp'
configure:27645: $? = 0
configure:27663: result: yes
configure:27677: checking for strdup
configure:27741: cc -o conftest -O2   conftest.c -lnsl -lfftw3f -lm  >&5
conftest.c:66: warning: conflicting types for built-in function 'strdup'
configure:27747: $? = 0
configure:27765: result: yes
configure:27776: checking for bool
configure:27814: cc -c -O2  conftest.c >&5
conftest.c:77: error: expected '=', ',', ';', 'asm' or '__attribute__' before 'ac__type_new_'
conftest.c: In function 'main':
conftest.c:89: error: 'ac__type_new_' undeclared (first use in this function)
conftest.c:89: error: (Each undeclared identifier is reported only once
conftest.c:89: error: for each function it appears in.)
conftest.c:89: error: expected expression before ')' token
configure:27820: $? = 1
configure: failed program was:
| /* confdefs.h.  */
| #define PACKAGE_NAME "gromacs"
| #define PACKAGE_TARNAME "gromacs"
| #define PACKAGE_VERSION "4.0.5"
| #define PACKAGE_STRING "gromacs 4.0.5"
| #define PACKAGE_BUGREPORT "gmx-users@gromacs.org"
| #define PACKAGE "gromacs"
| #define VERSION "4.0.5"
| #define GMX_SOFTWARE_SQRT
| #define GMX_QMMM_GAUSSIAN
| #define BUILD_TIME "Thu Jun 16 15:39:29 CEST 2011"
| #define BUILD_USER "rpool@rini"
| #define BUILD_MACHINE "Linux 2.6.31-23-generic i686"
| #define F77_OR_C_FUNC(name,NAME) name
| #define F77_OR_C_FUNC_(name,NAME) name
| #define STDC_HEADERS 1
| #define HAVE_SYS_TYPES_H 1
| #define HAVE_SYS_STAT_H 1
| #define HAVE_STDLIB_H 1
| #define HAVE_STRING_H 1
| #define HAVE_MEMORY_H 1
| #define HAVE_STRINGS_H 1
| #define HAVE_INTTYPES_H 1
| #define HAVE_STDINT_H 1
| #define HAVE_UNISTD_H 1
| #define SIZEOF_INT 4
| #define SIZEOF_LONG_INT 4
| #define SIZEOF_LONG_LONG_INT 8
| #define SIZEOF_OFF_T 4
| #define FLOAT_FORMAT_IEEE754
| #define HAVE_DLFCN_H 1
| #define _FILE_OFFSET_BITS 64
| #define HAVE_FSEEKO 1
| #define HAVE_LIBM 1
| #define HAVE_LIBFFTW3F 1
| #define HAVE_RPC_RPC_H 1
| #define HAVE_RPC_XDR_H 1
| #define HAVE_LIBNSL 1
| #define RETSIGTYPE void
| #define HAVE_VPRINTF 1
| #define HAVE_STRCASECMP 1
| #define HAVE_STRDUP 1
| /* end confdefs.h.  */
| #include <stdio.h>
| #ifdef HAVE_SYS_TYPES_H
| # include <sys/types.h>
| #endif
| #ifdef HAVE_SYS_STAT_H
| # include <sys/stat.h>
| #endif
| #ifdef STDC_HEADERS
| # include <stdlib.h>
| # include <stddef.h>
| #else
| # ifdef HAVE_STDLIB_H
| #  include <stdlib.h>
| # endif
| #endif
| #ifdef HAVE_STRING_H
| # if !defined STDC_HEADERS && defined HAVE_MEMORY_H
| #  include <memory.h>
| # endif
| # include <string.h>
| #endif
| #ifdef HAVE_STRINGS_H
| # include <strings.h>
| #endif
| #ifdef HAVE_INTTYPES_H
| # include <inttypes.h>
| #endif
| #ifdef HAVE_STDINT_H
| # include <stdint.h>
| #endif
| #ifdef HAVE_UNISTD_H
| # include <unistd.h>
| #endif
| typedef bool ac__type_new_;
| #ifdef F77_DUMMY_MAIN
| 
| #  ifdef __cplusplus
|      extern "C"
| #  endif
|    int F77_DUMMY_MAIN() { return 1; }
| 
| #endif
| int
| main ()
| {
| if ((ac__type_new_ *) 0)
|   return 0;
| if (sizeof (ac__type_new_))
|   return 0;
|   ;
|   return 0;
| }
configure:27835: result: no
configure:27850: checking for X
configure:27965: cc -E  conftest.c
configure:27971: $? = 0
configure:28028: cc -o conftest -O2   conftest.c -lX11 -lnsl -lfftw3f -lm  >&5
configure:28034: $? = 0
configure:28093: result: libraries , headers 
configure:28278: cc -o conftest -O2   conftest.c -lnsl -lfftw3f -lm   -lX11 >&5
configure:28284: $? = 0
configure:28457: checking for gethostbyname
configure:28521: cc -o conftest -O2   conftest.c -lnsl -lfftw3f -lm  >&5
configure:28527: $? = 0
configure:28544: result: yes
configure:28705: checking for connect
configure:28769: cc -o conftest -O2   conftest.c -lnsl -lfftw3f -lm  >&5
configure:28775: $? = 0
configure:28792: result: yes
configure:28872: checking for remove
configure:28936: cc -o conftest -O2   conftest.c -lnsl -lfftw3f -lm  >&5
configure:28942: $? = 0
configure:28959: result: yes
configure:29039: checking for shmat
configure:29103: cc -o conftest -O2   conftest.c -lnsl -lfftw3f -lm  >&5
configure:29109: $? = 0
configure:29126: result: yes
configure:29215: checking for IceConnectionNumber in -lICE
configure:29258: cc -o conftest -O2   conftest.c -lICE  -lnsl -lfftw3f -lm  >&5
configure:29264: $? = 0
configure:29282: result: yes
configure:29342: checking gsl/gsl_version.h usability
configure:29359: cc -c -O2  conftest.c >&5
configure:29365: $? = 0
configure:29379: result: yes
configure:29383: checking gsl/gsl_version.h presence
configure:29398: cc -E  conftest.c
configure:29404: $? = 0
configure:29418: result: yes
configure:29451: checking for gsl/gsl_version.h
configure:29459: result: yes
configure:29469: checking for main in -lgslcblas
configure:29506: cc -o conftest -O2   conftest.c -lgslcblas   -lnsl -lfftw3f -lm   -lSM -lICE -lX11  >&5
configure:29512: $? = 0
configure:29530: result: yes
configure:29537: checking for main in -lgsl
configure:29574: cc -o conftest -O2   -lgslcblas conftest.c -lgsl   -lnsl -lfftw3f -lm   -lSM -lICE -lX11  >&5
configure:29580: $? = 0
configure:29598: result: yes
configure:29649: checking libxml/parser.h usability
configure:29666: cc -c -O2  -I/usr/include/libxml2 conftest.c >&5
conftest.c:79:27: error: libxml/parser.h: No such file or directory
configure:29672: $? = 1
configure: failed program was:
| /* confdefs.h.  */
| #define PACKAGE_NAME "gromacs"
| #define PACKAGE_TARNAME "gromacs"
| #define PACKAGE_VERSION "4.0.5"
| #define PACKAGE_STRING "gromacs 4.0.5"
| #define PACKAGE_BUGREPORT "gmx-users@gromacs.org"
| #define PACKAGE "gromacs"
| #define VERSION "4.0.5"
| #define GMX_SOFTWARE_SQRT
| #define GMX_QMMM_GAUSSIAN
| #define BUILD_TIME "Thu Jun 16 15:39:29 CEST 2011"
| #define BUILD_USER "rpool@rini"
| #define BUILD_MACHINE "Linux 2.6.31-23-generic i686"
| #define F77_OR_C_FUNC(name,NAME) name
| #define F77_OR_C_FUNC_(name,NAME) name
| #define STDC_HEADERS 1
| #define HAVE_SYS_TYPES_H 1
| #define HAVE_SYS_STAT_H 1
| #define HAVE_STDLIB_H 1
| #define HAVE_STRING_H 1
| #define HAVE_MEMORY_H 1
| #define HAVE_STRINGS_H 1
| #define HAVE_INTTYPES_H 1
| #define HAVE_STDINT_H 1
| #define HAVE_UNISTD_H 1
| #define SIZEOF_INT 4
| #define SIZEOF_LONG_INT 4
| #define SIZEOF_LONG_LONG_INT 8
| #define SIZEOF_OFF_T 4
| #define FLOAT_FORMAT_IEEE754
| #define HAVE_DLFCN_H 1
| #define _FILE_OFFSET_BITS 64
| #define HAVE_FSEEKO 1
| #define HAVE_LIBM 1
| #define HAVE_LIBFFTW3F 1
| #define HAVE_RPC_RPC_H 1
| #define HAVE_RPC_XDR_H 1
| #define HAVE_LIBNSL 1
| #define RETSIGTYPE void
| #define HAVE_VPRINTF 1
| #define HAVE_STRCASECMP 1
| #define HAVE_STRDUP 1
| #define HAVE_GSL_GSL_VERSION_H 1
| #define HAVE_LIBGSL 1
| /* end confdefs.h.  */
| #include <stdio.h>
| #ifdef HAVE_SYS_TYPES_H
| # include <sys/types.h>
| #endif
| #ifdef HAVE_SYS_STAT_H
| # include <sys/stat.h>
| #endif
| #ifdef STDC_HEADERS
| # include <stdlib.h>
| # include <stddef.h>
| #else
| # ifdef HAVE_STDLIB_H
| #  include <stdlib.h>
| # endif
| #endif
| #ifdef HAVE_STRING_H
| # if !defined STDC_HEADERS && defined HAVE_MEMORY_H
| #  include <memory.h>
| # endif
| # include <string.h>
| #endif
| #ifdef HAVE_STRINGS_H
| # include <strings.h>
| #endif
| #ifdef HAVE_INTTYPES_H
| # include <inttypes.h>
| #endif
| #ifdef HAVE_STDINT_H
| # include <stdint.h>
| #endif
| #ifdef HAVE_UNISTD_H
| # include <unistd.h>
| #endif
| #include <libxml/parser.h>
configure:29686: result: no
configure:29690: checking libxml/parser.h presence
configure:29705: cc -E  -I/usr/include/libxml2 conftest.c
conftest.c:46:27: error: libxml/parser.h: No such file or directory
configure:29711: $? = 1
configure: failed program was:
| /* confdefs.h.  */
| #define PACKAGE_NAME "gromacs"
| #define PACKAGE_TARNAME "gromacs"
| #define PACKAGE_VERSION "4.0.5"
| #define PACKAGE_STRING "gromacs 4.0.5"
| #define PACKAGE_BUGREPORT "gmx-users@gromacs.org"
| #define PACKAGE "gromacs"
| #define VERSION "4.0.5"
| #define GMX_SOFTWARE_SQRT
| #define GMX_QMMM_GAUSSIAN
| #define BUILD_TIME "Thu Jun 16 15:39:29 CEST 2011"
| #define BUILD_USER "rpool@rini"
| #define BUILD_MACHINE "Linux 2.6.31-23-generic i686"
| #define F77_OR_C_FUNC(name,NAME) name
| #define F77_OR_C_FUNC_(name,NAME) name
| #define STDC_HEADERS 1
| #define HAVE_SYS_TYPES_H 1
| #define HAVE_SYS_STAT_H 1
| #define HAVE_STDLIB_H 1
| #define HAVE_STRING_H 1
| #define HAVE_MEMORY_H 1
| #define HAVE_STRINGS_H 1
| #define HAVE_INTTYPES_H 1
| #define HAVE_STDINT_H 1
| #define HAVE_UNISTD_H 1
| #define SIZEOF_INT 4
| #define SIZEOF_LONG_INT 4
| #define SIZEOF_LONG_LONG_INT 8
| #define SIZEOF_OFF_T 4
| #define FLOAT_FORMAT_IEEE754
| #define HAVE_DLFCN_H 1
| #define _FILE_OFFSET_BITS 64
| #define HAVE_FSEEKO 1
| #define HAVE_LIBM 1
| #define HAVE_LIBFFTW3F 1
| #define HAVE_RPC_RPC_H 1
| #define HAVE_RPC_XDR_H 1
| #define HAVE_LIBNSL 1
| #define RETSIGTYPE void
| #define HAVE_VPRINTF 1
| #define HAVE_STRCASECMP 1
| #define HAVE_STRDUP 1
| #define HAVE_GSL_GSL_VERSION_H 1
| #define HAVE_LIBGSL 1
| /* end confdefs.h.  */
| #include <libxml/parser.h>
configure:29725: result: no
configure:29758: checking for libxml/parser.h
configure:29766: result: no
configure:29901: checking limits.h usability
configure:29918: cc -c -O2  conftest.c >&5
configure:29924: $? = 0
configure:29938: result: yes
configure:29942: checking limits.h presence
configure:29957: cc -E  conftest.c
configure:29963: $? = 0
configure:29977: result: yes
configure:30010: checking for limits.h
configure:30018: result: yes
configure:29891: checking for strings.h
configure:29897: result: yes
configure:29891: checking for unistd.h
configure:29897: result: yes
configure:30040: checking for unistd.h
configure:30046: result: yes
configure:30183: checking for an ANSI C-conforming const
configure:30266: cc -c -O2  conftest.c >&5
configure:30272: $? = 0
configure:30287: result: yes
configure:30297: checking for size_t
configure:30335: cc -c -O2  conftest.c >&5
configure:30341: $? = 0
configure:30356: result: yes
configure:30368: checking whether struct tm is in sys/time.h or time.h
configure:30406: cc -c -O2  conftest.c >&5
configure:30412: $? = 0
configure:30427: result: time.h
configure:30437: checking for uid_t in sys/types.h
configure:30460: result: yes
configure:30475: checking for inline
configure:30501: cc -c -O2  conftest.c >&5
configure:30507: $? = 0
configure:30525: result: inline
configure:30550: checking whether your compiler can handle assembly files (*.s)
configure:30569: cc -O2 -c conftestasm.s
configure:30572: $? = 0
configure:30575: result: yes
configure:30663: checking whether as fully supports ia32 SSE
configure:30673: cc -O2 -c conftest.s
configure:30676: $? = 0
configure:30678: result: yes
configure:30726: checking whether as fully supports ia32 3DNow! instructions
configure:30736: cc -O2 -c conftest.s
configure:30739: $? = 0
configure:30741: result: yes
configure:31088: checking whether byte ordering is bigendian
configure:31337: result: no
configure:31362: checking if the compiler supports gcc inline assembly
configure:31393: cc -o conftest -O2   -lgslcblas  conftest.c -lgsl  -lnsl -lfftw3f -lm   -lSM -lICE -lX11   >&5
configure:31399: $? = 0
configure:31405: result: yes
configure:31423: checking if the compiler supports MSVC inline assembly
configure:31454: cc -o conftest -O2   -lgslcblas  conftest.c -lgsl  -lnsl -lfftw3f -lm   -lSM -lICE -lX11   >&5
conftest.c: In function 'main':
conftest.c:65: error: '_asm' undeclared (first use in this function)
conftest.c:65: error: (Each undeclared identifier is reported only once
conftest.c:65: error: for each function it appears in.)
conftest.c:65: error: expected ';' before '{' token
conftest.c:65: error: expected ';' before '{' token
configure:31460: $? = 1
configure: failed program was:
| /* confdefs.h.  */
| #define PACKAGE_NAME "gromacs"
| #define PACKAGE_TARNAME "gromacs"
| #define PACKAGE_VERSION "4.0.5"
| #define PACKAGE_STRING "gromacs 4.0.5"
| #define PACKAGE_BUGREPORT "gmx-users@gromacs.org"
| #define PACKAGE "gromacs"
| #define VERSION "4.0.5"
| #define GMX_SOFTWARE_SQRT
| #define GMX_QMMM_GAUSSIAN
| #define BUILD_TIME "Thu Jun 16 15:39:29 CEST 2011"
| #define BUILD_USER "rpool@rini"
| #define BUILD_MACHINE "Linux 2.6.31-23-generic i686"
| #define F77_OR_C_FUNC(name,NAME) name
| #define F77_OR_C_FUNC_(name,NAME) name
| #define STDC_HEADERS 1
| #define HAVE_SYS_TYPES_H 1
| #define HAVE_SYS_STAT_H 1
| #define HAVE_STDLIB_H 1
| #define HAVE_STRING_H 1
| #define HAVE_MEMORY_H 1
| #define HAVE_STRINGS_H 1
| #define HAVE_INTTYPES_H 1
| #define HAVE_STDINT_H 1
| #define HAVE_UNISTD_H 1
| #define SIZEOF_INT 4
| #define SIZEOF_LONG_INT 4
| #define SIZEOF_LONG_LONG_INT 8
| #define SIZEOF_OFF_T 4
| #define FLOAT_FORMAT_IEEE754
| #define HAVE_DLFCN_H 1
| #define _FILE_OFFSET_BITS 64
| #define HAVE_FSEEKO 1
| #define HAVE_LIBM 1
| #define HAVE_LIBFFTW3F 1
| #define HAVE_RPC_RPC_H 1
| #define HAVE_RPC_XDR_H 1
| #define HAVE_LIBNSL 1
| #define RETSIGTYPE void
| #define HAVE_VPRINTF 1
| #define HAVE_STRCASECMP 1
| #define HAVE_STRDUP 1
| #define HAVE_GSL_GSL_VERSION_H 1
| #define HAVE_LIBGSL 1
| #define HAVE_LIMITS_H 1
| #define HAVE_STRINGS_H 1
| #define HAVE_UNISTD_H 1
| #define HAVE_UNISTD_H 1
| #define GMX_IA32_SSE
| #define GMX_IA32_3DNOW
| #define GMX_X86_GCC_INLINE_ASM
| /* end confdefs.h.  */
| 
| #ifdef F77_DUMMY_MAIN
| 
| #  ifdef __cplusplus
|      extern "C"
| #  endif
|    int F77_DUMMY_MAIN() { return 1; }
| 
| #endif
| int
| main ()
| {
| float f;int i; _asm { fld f } ; _asm { fistpl i };
|   ;
|   return 0;
| }
configure:31477: result: no
configure:31891: creating ./config.status

## ---------------- ##
## Cache variables. ##
## ---------------- ##

ac_cv_build=i686-pc-linux-gnu
ac_cv_c_bigendian=no
ac_cv_c_compiler_gnu=yes
ac_cv_c_const=yes
ac_cv_c_inline=inline
ac_cv_cxx_compiler_gnu=yes
ac_cv_env_CCASFLAGS_set=
ac_cv_env_CCASFLAGS_value=
ac_cv_env_CCAS_set=
ac_cv_env_CCAS_value=
ac_cv_env_CCC_set=
ac_cv_env_CCC_value=
ac_cv_env_CC_set=
ac_cv_env_CC_value=
ac_cv_env_CFLAGS_set=set
ac_cv_env_CFLAGS_value=-O2
ac_cv_env_CPPFLAGS_set=
ac_cv_env_CPPFLAGS_value=
ac_cv_env_CPP_set=
ac_cv_env_CPP_value=
ac_cv_env_CXXCPP_set=
ac_cv_env_CXXCPP_value=
ac_cv_env_CXXFLAGS_set=
ac_cv_env_CXXFLAGS_value=
ac_cv_env_CXX_set=
ac_cv_env_CXX_value=
ac_cv_env_F77_set=
ac_cv_env_F77_value=
ac_cv_env_FFLAGS_set=
ac_cv_env_FFLAGS_value=
ac_cv_env_LDFLAGS_set=
ac_cv_env_LDFLAGS_value=
ac_cv_env_LIBS_set=
ac_cv_env_LIBS_value=
ac_cv_env_XMKMF_set=
ac_cv_env_XMKMF_value=
ac_cv_env_build_alias_set=
ac_cv_env_build_alias_value=
ac_cv_env_host_alias_set=
ac_cv_env_host_alias_value=
ac_cv_env_target_alias_set=
ac_cv_env_target_alias_value=
ac_cv_func__doprnt=no
ac_cv_func_connect=yes
ac_cv_func_gethostbyname=yes
ac_cv_func_memcmp_working=yes
ac_cv_func_remove=yes
ac_cv_func_shmat=yes
ac_cv_func_strcasecmp=yes
ac_cv_func_strdup=yes
ac_cv_func_vprintf=yes
ac_cv_have_x='have_x=yes	ac_x_includes='\'''\''	ac_x_libraries='\'''\'''
ac_cv_header_dlfcn_h=yes
ac_cv_header_gsl_gsl_version_h=yes
ac_cv_header_inttypes_h=yes
ac_cv_header_libxml_parser_h=no
ac_cv_header_limits_h=yes
ac_cv_header_memory_h=yes
ac_cv_header_rpc_rpc_h=yes
ac_cv_header_rpc_xdr_h=yes
ac_cv_header_stdc=yes
ac_cv_header_stdint_h=yes
ac_cv_header_stdlib_h=yes
ac_cv_header_string_h=yes
ac_cv_header_strings_h=yes
ac_cv_header_sys_stat_h=yes
ac_cv_header_sys_types_h=yes
ac_cv_header_unistd_h=yes
ac_cv_host=i686-pc-linux-gnu
ac_cv_lib_ICE_IceConnectionNumber=yes
ac_cv_lib_fftw3f_main=yes
ac_cv_lib_gsl_main=yes
ac_cv_lib_gslcblas_main=yes
ac_cv_lib_m_sqrt=yes
ac_cv_lib_nsl_xdr_float=yes
ac_cv_objext=o
ac_cv_path_EGREP='/bin/grep -E'
ac_cv_path_GREP=/bin/grep
ac_cv_path_install='/usr/bin/install -c'
ac_cv_path_mkdir=/bin/mkdir
ac_cv_prog_AWK=gawk
ac_cv_prog_CPP='cc -E'
ac_cv_prog_CXXCPP='g++ -E'
ac_cv_prog_ac_ct_AR=ar
ac_cv_prog_ac_ct_CC=cc
ac_cv_prog_ac_ct_CXX=g++
ac_cv_prog_ac_ct_RANLIB=ranlib
ac_cv_prog_ac_ct_STRIP=strip
ac_cv_prog_cc_c89=
ac_cv_prog_cc_g=yes
ac_cv_prog_cxx_g=yes
ac_cv_prog_make_make_set=yes
ac_cv_sizeof_int=4
ac_cv_sizeof_long_int=4
ac_cv_sizeof_long_long_int=8
ac_cv_sizeof_off_t=4
ac_cv_struct_tm=time.h
ac_cv_sys_file_offset_bits=64
ac_cv_sys_largefile_CC=no
ac_cv_sys_largefile_source=no
ac_cv_type_bool=no
ac_cv_type_int=yes
ac_cv_type_long_int=yes
ac_cv_type_long_long_int=yes
ac_cv_type_off_t=yes
ac_cv_type_signal=void
ac_cv_type_size_t=yes
ac_cv_type_uid_t=yes
am_cv_CCAS_dependencies_compiler_type=gcc3
am_cv_CC_dependencies_compiler_type=gcc3
am_cv_CXX_dependencies_compiler_type=gcc3
am_cv_prog_tar_ustar=gnutar
lt_cv_deplibs_check_method=pass_all
lt_cv_file_magic_cmd='$MAGIC_CMD'
lt_cv_file_magic_test_file=
lt_cv_ld_reload_flag=-r
lt_cv_objdir=.libs
lt_cv_path_LD=/usr/bin/ld
lt_cv_path_LDCXX=/usr/bin/ld
lt_cv_path_NM='/usr/bin/nm -B'
lt_cv_path_SED=/bin/sed
lt_cv_prog_compiler_c_o=yes
lt_cv_prog_compiler_c_o_CXX=yes
lt_cv_prog_compiler_rtti_exceptions=no
lt_cv_prog_gnu_ld=yes
lt_cv_prog_gnu_ldcxx=yes
lt_cv_sys_global_symbol_pipe='sed -n -e '\''s/^.*[ 	]\([ABCDGIRSTW][ABCDGIRSTW]*\)[ 	][ 	]*\([_A-Za-z][_A-Za-z0-9]*\)$/\1 \2 \2/p'\'''
lt_cv_sys_global_symbol_to_c_name_address='sed -n -e '\''s/^: \([^ ]*\) $/  {\"\1\", (lt_ptr) 0},/p'\'' -e '\''s/^[BCDEGRST] \([^ ]*\) \([^ ]*\)$/  {"\2", (lt_ptr) \&\2},/p'\'''
lt_cv_sys_global_symbol_to_cdecl='sed -n -e '\''s/^. .* \(.*\)$/extern int \1;/p'\'''
lt_cv_sys_max_cmd_len=32768
lt_lt_cv_prog_compiler_c_o='"yes"'
lt_lt_cv_prog_compiler_c_o_CXX='"yes"'
lt_lt_cv_sys_global_symbol_pipe='"sed -n -e '\''s/^.*[ 	]\\([ABCDGIRSTW][ABCDGIRSTW]*\\)[ 	][ 	]*\\([_A-Za-z][_A-Za-z0-9]*\\)\$/\\1 \\2 \\2/p'\''"'
lt_lt_cv_sys_global_symbol_to_c_name_address='"sed -n -e '\''s/^: \\([^ ]*\\) \$/  {\\\"\\1\\\", (lt_ptr) 0},/p'\'' -e '\''s/^[BCDEGRST] \\([^ ]*\\) \\([^ ]*\\)\$/  {\"\\2\", (lt_ptr) \\&\\2},/p'\''"'
lt_lt_cv_sys_global_symbol_to_cdecl='"sed -n -e '\''s/^. .* \\(.*\\)\$/extern int \\1;/p'\''"'

## ----------------- ##
## Output variables. ##
## ----------------- ##

ACLOCAL='${SHELL} /home/rpool/GitHub/GromPy/gromacs-4.0.5_HYBRID/config/missing --run aclocal-1.10'
AMDEPBACKSLASH='\'
AMDEP_FALSE='#'
AMDEP_TRUE=''
AMTAR='${SHELL} /home/rpool/GitHub/GromPy/gromacs-4.0.5_HYBRID/config/missing --run tar'
AR='ar'
AS='cc'
ASFLAGS='-O2'
AUTOCONF='${SHELL} /home/rpool/GitHub/GromPy/gromacs-4.0.5_HYBRID/config/missing --run autoconf'
AUTOHEADER='${SHELL} /home/rpool/GitHub/GromPy/gromacs-4.0.5_HYBRID/config/missing --run autoheader'
AUTOMAKE='${SHELL} /home/rpool/GitHub/GromPy/gromacs-4.0.5_HYBRID/config/missing --run automake-1.10'
AWK='gawk'
CC='cc'
CCAS='cc'
CCASDEPMODE='depmode=gcc3'
CCASFLAGS='-O2'
CCDEPMODE='depmode=gcc3'
CC_FOR_BUILD='cc'
CFLAGS='-O2'
CPP='cc -E'
CPPFLAGS=''
CXX='g++'
CXXCPP='g++ -E'
CXXDEPMODE='depmode=gcc3'
CXXFLAGS='-g -O2'
CYGPATH_W='echo'
DEFS='-DHAVE_CONFIG_H'
DEPDIR='.deps'
DLLTOOL='dlltool'
ECHO='echo'
ECHO_C=''
ECHO_N='-n'
ECHO_T=''
EGREP='/bin/grep -E'
EXEEXT=''
F77=''
F77LINK='$(LINK)'
FFLAGS=''
FLIBS=''
GMXANA_LIBOBJS=''
GMXLIB_LIBOBJS=''
GMX_BLUEGENE_FALSE=''
GMX_BLUEGENE_TRUE='#'
GMX_DOUBLE_FALSE=''
GMX_DOUBLE_TRUE='#'
GMX_EXTERNAL_BLAS_FALSE=''
GMX_EXTERNAL_BLAS_TRUE='#'
GMX_EXTERNAL_LAPACK_FALSE=''
GMX_EXTERNAL_LAPACK_TRUE='#'
GMX_FORTRAN_FALSE=''
GMX_FORTRAN_TRUE='#'
GMX_IA32_3DNOW_FALSE='#'
GMX_IA32_3DNOW_TRUE=''
GMX_IA32_SSE2_FALSE=''
GMX_IA32_SSE2_TRUE='#'
GMX_IA32_SSE_FALSE='#'
GMX_IA32_SSE_TRUE=''
GMX_IA64_ASM_DOUBLE_FALSE=''
GMX_IA64_ASM_DOUBLE_TRUE='#'
GMX_IA64_ASM_SINGLE_FALSE=''
GMX_IA64_ASM_SINGLE_TRUE='#'
GMX_POWERPC_SQRT_FALSE=''
GMX_POWERPC_SQRT_SINGLE_ITERATION_FALSE=''
GMX_POWERPC_SQRT_SINGLE_ITERATION_TRUE='#'
GMX_POWERPC_SQRT_TRUE='#'
GMX_PPC_ALTIVEC_FALSE=''
GMX_PPC_ALTIVEC_TRUE='#'
GMX_PREFETCH_FORCES_FALSE=''
GMX_PREFETCH_FORCES_TRUE='#'
GMX_SOFTWARE_SQRT_FALSE='#'
GMX_SOFTWARE_SQRT_TRUE=''
GMX_X86_64_SSE2_FALSE=''
GMX_X86_64_SSE2_TRUE='#'
GMX_X86_64_SSE_FALSE=''
GMX_X86_64_SSE_TRUE='#'
GREP='/bin/grep'
INCLUDES=' '
INSTALL_DATA='${INSTALL} -m 644'
INSTALL_PROGRAM='${INSTALL}'
INSTALL_SCRIPT='${INSTALL}'
INSTALL_STRIP_PROGRAM='$(install_sh) -c -s'
LDFLAGS=' -lgslcblas '
LIBOBJS=''
LIBS='-lgsl  -lnsl -lfftw3f -lm   -lSM -lICE -lX11  '
LIBSUFFIX=''
LIBTOOL='$(SHELL) $(top_builddir)/libtool'
LN_S='ln -s'
LTLIBOBJS=''
MAKEINFO='${SHELL} /home/rpool/GitHub/GromPy/gromacs-4.0.5_HYBRID/config/missing --run makeinfo'
MDLIB_LIBOBJS=' qm_gaussian.lo gmx_fft_fftw3.lo'
MPICC=''
OBJDUMP='objdump'
OBJEXT='o'
PACKAGE='gromacs'
PACKAGE_BUGREPORT='gmx-users@gromacs.org'
PACKAGE_NAME='gromacs'
PACKAGE_STRING='gromacs 4.0.5'
PACKAGE_TARNAME='gromacs'
PACKAGE_VERSION='4.0.5'
PATH_SEPARATOR=':'
RANLIB='ranlib'
RPM='rpm'
SET_MAKE=''
SHARED_VERSION_INFO='5:0:0'
SHELL='/bin/sh'
STRIP='strip'
USE_X11_FALSE='#'
USE_X11_TRUE=''
VERSION='4.0.5'
XMKMF=''
X_CFLAGS=''
X_EXTRA_LIBS=''
X_LIBS=''
X_PRE_LIBS=' -lSM -lICE'
ac_ct_CC='cc'
ac_ct_CXX='g++'
ac_ct_F77=''
am__fastdepCCAS_FALSE='#'
am__fastdepCCAS_TRUE=''
am__fastdepCC_FALSE='#'
am__fastdepCC_TRUE=''
am__fastdepCXX_FALSE='#'
am__fastdepCXX_TRUE=''
am__include='include'
am__isrc=''
am__leading_dot='.'
am__quote=''
am__tar='tar --format=ustar -chf - "$$tardir"'
am__untar='tar -xf -'
bindir='${exec_prefix}/bin'
build='i686-pc-linux-gnu'
build_alias=''
build_cpu='i686'
build_os='linux-gnu'
build_vendor='pc'
datadir='${datarootdir}'
datarootdir='${prefix}/share'
docdir='${datarootdir}/doc/${PACKAGE_TARNAME}'
dvidir='${docdir}'
exec_prefix='${prefix}'
host='i686-pc-linux-gnu'
host_alias=''
host_cpu='i686'
host_os='linux-gnu'
host_vendor='pc'
htmldir='${docdir}'
includedir='${prefix}/include'
infodir='${datarootdir}/info'
install_sh='$(SHELL) /home/rpool/GitHub/GromPy/gromacs-4.0.5_HYBRID/config/install-sh'
libdir='${exec_prefix}/lib'
libexecdir='${exec_prefix}/libexec'
localedir='${datarootdir}/locale'
localstatedir='${prefix}/var'
mandir='${datarootdir}/man'
mkdir_p='/bin/mkdir -p'
oldincludedir='/usr/include'
pdfdir='${docdir}'
prefix='/home/rpool/src/gromacs-4.0.5_TEST'
program_transform_name='s,x,x,'
psdir='${docdir}'
sbindir='${exec_prefix}/sbin'
sharedstatedir='${prefix}/com'
sysconfdir='${prefix}/etc'
target_alias=''

## ----------- ##
## confdefs.h. ##
## ----------- ##

#define PACKAGE_NAME "gromacs"
#define PACKAGE_TARNAME "gromacs"
#define PACKAGE_VERSION "4.0.5"
#define PACKAGE_STRING "gromacs 4.0.5"
#define PACKAGE_BUGREPORT "gmx-users@gromacs.org"
#define PACKAGE "gromacs"
#define VERSION "4.0.5"
#define GMX_SOFTWARE_SQRT
#define GMX_QMMM_GAUSSIAN
#define BUILD_TIME "Thu Jun 16 15:39:29 CEST 2011"
#define BUILD_USER "rpool@rini"
#define BUILD_MACHINE "Linux 2.6.31-23-generic i686"
#define F77_OR_C_FUNC(name,NAME) name
#define F77_OR_C_FUNC_(name,NAME) name
#define STDC_HEADERS 1
#define HAVE_SYS_TYPES_H 1
#define HAVE_SYS_STAT_H 1
#define HAVE_STDLIB_H 1
#define HAVE_STRING_H 1
#define HAVE_MEMORY_H 1
#define HAVE_STRINGS_H 1
#define HAVE_INTTYPES_H 1
#define HAVE_STDINT_H 1
#define HAVE_UNISTD_H 1
#define SIZEOF_INT 4
#define SIZEOF_LONG_INT 4
#define SIZEOF_LONG_LONG_INT 8
#define SIZEOF_OFF_T 4
#define FLOAT_FORMAT_IEEE754
#define HAVE_DLFCN_H 1
#define _FILE_OFFSET_BITS 64
#define HAVE_FSEEKO 1
#define HAVE_LIBM 1
#define HAVE_LIBFFTW3F 1
#define HAVE_RPC_RPC_H 1
#define HAVE_RPC_XDR_H 1
#define HAVE_LIBNSL 1
#define RETSIGTYPE void
#define HAVE_VPRINTF 1
#define HAVE_STRCASECMP 1
#define HAVE_STRDUP 1
#define HAVE_GSL_GSL_VERSION_H 1
#define HAVE_LIBGSL 1
#define HAVE_LIMITS_H 1
#define HAVE_STRINGS_H 1
#define HAVE_UNISTD_H 1
#define HAVE_UNISTD_H 1
#define GMX_IA32_SSE
#define GMX_IA32_3DNOW
#define GMX_X86_GCC_INLINE_ASM

configure: exit 0

## ---------------------- ##
## Running config.status. ##
## ---------------------- ##

This file was extended by gromacs config.status 4.0.5, which was
generated by GNU Autoconf 2.61.  Invocation command line was

  CONFIG_FILES    = 
  CONFIG_HEADERS  = 
  CONFIG_LINKS    = 
  CONFIG_COMMANDS = 
  $ ./config.status 

on rini

config.status:762: creating Makefile
config.status:762: creating src/Makefile
config.status:762: creating src/gmxlib/Makefile
config.status:762: creating src/gmxlib/gmx_blas/Makefile
config.status:762: creating src/gmxlib/gmx_lapack/Makefile
config.status:762: creating src/gmxlib/nonbonded/Makefile
config.status:762: creating src/gmxlib/nonbonded/nb_kernel/Makefile
config.status:762: creating src/gmxlib/nonbonded/nb_kernel_ia32_3dnow/Makefile
config.status:762: creating src/gmxlib/nonbonded/nb_kernel_ia32_sse/Makefile
config.status:762: creating src/gmxlib/nonbonded/nb_kernel_ia32_sse2/Makefile
config.status:762: creating src/gmxlib/nonbonded/nb_kernel_x86_64_sse/Makefile
config.status:762: creating src/gmxlib/nonbonded/nb_kernel_x86_64_sse2/Makefile
config.status:762: creating src/gmxlib/nonbonded/nb_kernel_ppc_altivec/Makefile
config.status:762: creating src/gmxlib/nonbonded/nb_kernel_ia64_single/Makefile
config.status:762: creating src/gmxlib/nonbonded/nb_kernel_ia64_double/Makefile
config.status:762: creating src/gmxlib/nonbonded/nb_kernel_bluegene/Makefile
config.status:762: creating include/Makefile
config.status:762: creating include/types/Makefile
config.status:762: creating src/mdlib/Makefile
config.status:762: creating src/kernel/Makefile
config.status:762: creating src/tools/Makefile
config.status:762: creating src/ngmx/Makefile
config.status:762: creating src/contrib/Makefile
config.status:762: creating scripts/Makefile
config.status:762: creating admin/Makefile
config.status:762: creating share/Makefile
config.status:762: creating share/tutor/Makefile
config.status:762: creating share/tutor/gmxdemo/Makefile
config.status:762: creating share/tutor/nmr1/Makefile
config.status:762: creating share/tutor/nmr2/Makefile
config.status:762: creating share/tutor/water/Makefile
config.status:762: creating share/tutor/mixed/Makefile
config.status:762: creating share/tutor/methanol/Makefile
config.status:762: creating share/tutor/speptide/Makefile
config.status:762: creating share/template/Makefile
config.status:762: creating share/top/Makefile
config.status:762: creating share/html/Makefile
config.status:762: creating share/html/images/Makefile
config.status:762: creating share/html/online/Makefile
config.status:762: creating man/Makefile
config.status:762: creating man/man1/Makefile
config.status:762: creating src/config.h
config.status:1074: executing depfiles commands
